<?xml version="1.0" encoding="UTF-8"?>
<!-- Generated by org.testng.reporters.JUnitReportReporter -->
<testsuite hostname="DESKTOP-HERMSHJ" failures="0" tests="4" name="Ebank.prioritised" time="0.007" errors="0" timestamp="2022-12-27T19:50:51 IST" skipped="1">
  <testcase classname="Ebank.prioritised" name="shehari2" time="0.001"/>
  <system-out/>
  <testcase classname="Ebank.prioritised" name="shehari3" time="0.001"/>
  <system-out/>
  <testcase classname="Ebank.prioritised" name="shehari1" time="0.005"/>
  <system-out/>
  <testcase classname="Ebank.prioritised" name="meka">
    <skipped/>
  </testcase> <!-- meka -->
  <system-out/>
</testsuite> <!-- Ebank.prioritised -->
