<?xml version="1.0" encoding="UTF-8"?>
<!-- Generated by org.testng.reporters.JUnitReportReporter -->
<testsuite hostname="DESKTOP-HERMSHJ" failures="0" tests="1" name="Ebank.lucky123" time="42.495" errors="0" timestamp="2022-12-30T20:16:20 IST" skipped="0">
  <testcase classname="Ebank.lucky123" name="search" time="42.495"/>
  <system-out/>
</testsuite> <!-- Ebank.lucky123 -->
