<?xml version="1.0" encoding="UTF-8"?>
<!-- Generated by org.testng.reporters.JUnitReportReporter -->
<testsuite hostname="DESKTOP-HERMSHJ" failures="0" tests="1" name="Ebank.usingannotations" time="0.001" errors="0" timestamp="2022-12-27T19:43:38 IST" skipped="0">
  <testcase classname="Ebank.usingannotations" name="hello" time="0.001"/>
  <system-out/>
</testsuite> <!-- Ebank.usingannotations -->
