<?xml version="1.0" encoding="UTF-8"?>
<!-- Generated by org.testng.reporters.JUnitReportReporter -->
<testsuite hostname="DESKTOP-HERMSHJ" failures="0" tests="2" name="Ebank.testn" time="0.008" errors="0" timestamp="2022-12-27T19:01:40 IST" skipped="0">
  <testcase classname="Ebank.testn" name="space" time="0.007"/>
  <system-out/>
  <testcase classname="Ebank.testn" name="hello" time="0.001"/>
  <system-out/>
</testsuite> <!-- Ebank.testn -->
