<?xml version="1.0" encoding="UTF-8"?>
<!-- Generated by org.testng.reporters.JUnitReportReporter -->
<testsuite hostname="DESKTOP-HERMSHJ" failures="0" tests="1" name="Ebank.param" time="30.979" errors="0" timestamp="2022-12-28T23:14:54 IST" skipped="0">
  <testcase classname="Ebank.param" name="Search" time="30.979"/>
  <system-out>
    <![CDATA['Selenium Webdriver' Product Search in 'Books' Category Test is Successful..]]>
  </system-out>
</testsuite> <!-- Ebank.param -->
