<?xml version="1.0" encoding="UTF-8"?>
<!-- Generated by org.testng.reporters.JUnitReportReporter -->
<testsuite hostname="DESKTOP-HERMSHJ" failures="0" tests="1" name="Ebank.Homepageebay" time="17.271" errors="0" timestamp="2023-01-03T20:39:50 IST" skipped="0">
  <testcase classname="Ebank.Homepageebay" name="search" time="17.271"/>
  <system-out/>
</testsuite> <!-- Ebank.Homepageebay -->
