<?xml version="1.0" encoding="UTF-8"?>
<!-- Generated by org.testng.reporters.JUnitReportReporter -->
<testsuite hostname="DESKTOP-HERMSHJ" failures="0" tests="1" name="POMtests.Simple" time="2.083" errors="0" timestamp="2023-01-04T23:03:55 IST" skipped="0">
  <testcase classname="POMtests.Simple" name="searcgg" time="2.083"/>
  <system-out/>
</testsuite> <!-- POMtests.Simple -->
