<?xml version="1.0" encoding="UTF-8"?>
<!-- Generated by org.testng.reporters.JUnitReportReporter -->
<testsuite hostname="DESKTOP-HERMSHJ" failures="0" tests="2" name="priyaroy.usingGoogle" time="4.167" errors="0" timestamp="2023-01-03T15:56:31 IST" skipped="0">
  <testcase classname="priyaroy.usingGoogle" name="checkTitle" time="0.014"/>
  <system-out/>
  <testcase classname="priyaroy.usingGoogle" name="Search" time="4.153"/>
  <system-out/>
</testsuite> <!-- priyaroy.usingGoogle -->
