<?xml version="1.0" encoding="UTF-8"?>
<!-- Generated by org.testng.reporters.JUnitReportReporter -->
<testsuite hostname="DESKTOP-HERMSHJ" failures="0" tests="2" name="priyaroy.google1" time="5.459" errors="0" timestamp="2023-01-03T16:10:25 IST" skipped="0">
  <testcase classname="priyaroy.google1" name="Search" time="5.445"/>
  <system-out/>
  <testcase classname="priyaroy.google1" name="checkTitle" time="0.014"/>
  <system-out/>
</testsuite> <!-- priyaroy.google1 -->
